<?xml version="1.0" encoding="UTF-8"?>
<!-- Generated by org.testng.reporters.JUnitXMLReporter -->
<testsuite hostname="RNIS-PC" ignored="0" name="Test" tests="3" failures="0" timestamp="22 Feb 2021 03:18:18 GMT" time="0.082" errors="0">
  <testcase name="Method1" time="0.018" classname="TestPratice.ParameterXML"/>
  <testcase name="parameterTest" time="0.003" classname="TestPratice.ParameterXML"/>
  <testcase name="parameterTestLOgout" time="0.003" classname="TestPratice.ParameterXML"/>
</testsuite> <!-- Test -->
