<?xml version="1.0" encoding="UTF-8"?>
<testng-results skipped="0" failed="0" ignored="0" total="1" passed="1">
  <reporter-output>
  </reporter-output>
  <suite name="Default suite" duration-ms="48" started-at="2021-02-22T08:08:07Z" finished-at="2021-02-22T08:08:07Z">
    <groups>
    </groups>
    <test name="Default test" duration-ms="48" started-at="2021-02-22T08:08:07Z" finished-at="2021-02-22T08:08:07Z">
      <class name="TestPratice.Demo1">
        <test-method status="PASS" signature="method1()[pri:0, instance:TestPratice.Demo1@1810399e]" name="method1" duration-ms="12" started-at="2021-02-22T08:08:07Z" finished-at="2021-02-22T08:08:07Z">
          <reporter-output>
          </reporter-output>
        </test-method> <!-- method1 -->
      </class> <!-- TestPratice.Demo1 -->
    </test> <!-- Default test -->
  </suite> <!-- Default suite -->
</testng-results>
